The target system is: Linux -  - x86_64
The host system is: Windows - 2.11.2(0.329/5/3) - unknown
Compiling the C compiler identification source file "CMakeCCompilerId.c" succeeded.
Compiler: C:/Program Files (x86)/neuromeka/NRMKPlatformPC3/Drivers/x86_64-unknown-linux-gnu/bin/x86_64-unknown-linux-gnu-gcc.exe 
Build flags: 
Id flags:  

The output was:
0


Compilation of the C compiler identification source "CMakeCCompilerId.c" produced "a.out"

The C compiler identification is GNU, found in "/cygdrive/c/NRMK-Local-Repository/ethercat_moby_framework/src/neuromeka-clients/cmake-build-release/CMakeFiles/3.13.2/CompilerIdC/a.out"

Compiling the CXX compiler identification source file "CMakeCXXCompilerId.cpp" succeeded.
Compiler: C:/Program Files (x86)/neuromeka/NRMKPlatformPC3/Drivers/x86_64-unknown-linux-gnu/bin/x86_64-unknown-linux-gnu-g++.exe 
Build flags: 
Id flags:  

The output was:
0


Compilation of the CXX compiler identification source "CMakeCXXCompilerId.cpp" produced "a.out"

The CXX compiler identification is GNU, found in "/cygdrive/c/NRMK-Local-Repository/ethercat_moby_framework/src/neuromeka-clients/cmake-build-release/CMakeFiles/3.13.2/CompilerIdCXX/a.out"

Determining if the C compiler works passed with the following output:
Change Dir: /cygdrive/c/NRMK-Local-Repository/ethercat_moby_framework/src/neuromeka-clients/cmake-build-release/CMakeFiles/CMakeTmp

Run Build Command:"/usr/bin/make.exe" "cmTC_e752b/fast"
/usr/bin/make -f CMakeFiles/cmTC_e752b.dir/build.make CMakeFiles/cmTC_e752b.dir/build
make[1]: Entering directory '/cygdrive/c/NRMK-Local-Repository/ethercat_moby_framework/src/neuromeka-clients/cmake-build-release/CMakeFiles/CMakeTmp'
Building C object CMakeFiles/cmTC_e752b.dir/testCCompiler.c.o
"C:/Program Files (x86)/neuromeka/NRMKPlatformPC3/Drivers/x86_64-unknown-linux-gnu/bin/x86_64-unknown-linux-gnu-gcc.exe"    -o CMakeFiles/cmTC_e752b.dir/testCCompiler.c.o   -c /cygdrive/c/NRMK-Local-Repository/ethercat_moby_framework/src/neuromeka-clients/cmake-build-release/CMakeFiles/CMakeTmp/testCCompiler.c
Linking C executable cmTC_e752b
"/cygdrive/c/Program Files (x86)/neuromeka/NRMKPlatformPC2/Drivers/cygwin_cmake/bin/cmake.exe" -E cmake_link_script CMakeFiles/cmTC_e752b.dir/link.txt --verbose=1
"C:/Program Files (x86)/neuromeka/NRMKPlatformPC3/Drivers/x86_64-unknown-linux-gnu/bin/x86_64-unknown-linux-gnu-gcc.exe"      -rdynamic CMakeFiles/cmTC_e752b.dir/testCCompiler.c.o  -o cmTC_e752b 
make[1]: Leaving directory '/cygdrive/c/NRMK-Local-Repository/ethercat_moby_framework/src/neuromeka-clients/cmake-build-release/CMakeFiles/CMakeTmp'


Detecting C compiler ABI info compiled with the following output:
Change Dir: /cygdrive/c/NRMK-Local-Repository/ethercat_moby_framework/src/neuromeka-clients/cmake-build-release/CMakeFiles/CMakeTmp

Run Build Command:"/usr/bin/make.exe" "cmTC_6e5f3/fast"
/usr/bin/make -f CMakeFiles/cmTC_6e5f3.dir/build.make CMakeFiles/cmTC_6e5f3.dir/build
make[1]: Entering directory '/cygdrive/c/NRMK-Local-Repository/ethercat_moby_framework/src/neuromeka-clients/cmake-build-release/CMakeFiles/CMakeTmp'
Building C object CMakeFiles/cmTC_6e5f3.dir/CMakeCCompilerABI.c.o
"C:/Program Files (x86)/neuromeka/NRMKPlatformPC3/Drivers/x86_64-unknown-linux-gnu/bin/x86_64-unknown-linux-gnu-gcc.exe"    -o CMakeFiles/cmTC_6e5f3.dir/CMakeCCompilerABI.c.o   -c "/cygdrive/c/Program Files (x86)/neuromeka/NRMKPlatformPC2/Drivers/cygwin_cmake/share/cmake-3.13.2/Modules/CMakeCCompilerABI.c"
Linking C executable cmTC_6e5f3
"/cygdrive/c/Program Files (x86)/neuromeka/NRMKPlatformPC2/Drivers/cygwin_cmake/bin/cmake.exe" -E cmake_link_script CMakeFiles/cmTC_6e5f3.dir/link.txt --verbose=1
"C:/Program Files (x86)/neuromeka/NRMKPlatformPC3/Drivers/x86_64-unknown-linux-gnu/bin/x86_64-unknown-linux-gnu-gcc.exe"     -v -rdynamic CMakeFiles/cmTC_6e5f3.dir/CMakeCCompilerABI.c.o  -o cmTC_6e5f3 
Using built-in specs.
COLLECT_GCC=C:/Program Files (x86)/neuromeka/NRMKPlatformPC3/Drivers/x86_64-unknown-linux-gnu/bin/x86_64-unknown-linux-gnu-gcc
COLLECT_LTO_WRAPPER=/cygdrive/c/Program\ Files\ (x86)/neuromeka/NRMKPlatformPC3/Drivers/x86_64-unknown-linux-gnu/bin/../libexec/gcc/x86_64-unknown-linux-gnu/6.5.0/lto-wrapper.exe
Target: x86_64-unknown-linux-gnu
Configured with: /home/Oliver/build_step3_gcc6.5/.build/x86_64-unknown-linux-gnu/src/gcc/configure --build=x86_64-build_pc-cygwin --host=x86_64-build_pc-cygwin --target=x86_64-unknown-linux-gnu --prefix=/home/Oliver/x-tools/x86_64-unknown-linux-gnu --with-sysroot=/home/Oliver/x-tools/x86_64-unknown-linux-gnu/x86_64-unknown-linux-gnu/sysroot --enable-languages=c,c++ --with-pkgversion='crosstool-NG 1.23.0.595-e550d2c' --enable-__cxa_atexit --disable-libmudflap --disable-libgomp --disable-libssp --disable-libquadmath --disable-libquadmath-support --disable-libsanitizer --enable-libmpx --with-gmp=/home/Oliver/build_step3_gcc6.5/.build/x86_64-unknown-linux-gnu/buildtools --with-mpfr=/home/Oliver/build_step3_gcc6.5/.build/x86_64-unknown-linux-gnu/buildtools --with-mpc=/home/Oliver/build_step3_gcc6.5/.build/x86_64-unknown-linux-gnu/buildtools --with-isl=/home/Oliver/build_step3_gcc6.5/.build/x86_64-unknown-linux-gnu/buildtools --enable-lto --with-host-libstdcxx='-static-libgcc -Wl,-Bstatic,-lstdc++,-Bdynamic -lm' --enable-threads=posix --enable-target-optspace --disable-plugin --disable-nls --disable-multilib --with-local-prefix=/home/Oliver/x-tools/x86_64-unknown-linux-gnu/x86_64-unknown-linux-gnu/sysroot --enable-long-long
Thread model: posix
gcc version 6.5.0 (crosstool-NG 1.23.0.595-e550d2c) 
COMPILER_PATH=/cygdrive/c/Program Files (x86)/neuromeka/NRMKPlatformPC3/Drivers/x86_64-unknown-linux-gnu/bin/../libexec/gcc/x86_64-unknown-linux-gnu/6.5.0/:/cygdrive/c/Program Files (x86)/neuromeka/NRMKPlatformPC3/Drivers/x86_64-unknown-linux-gnu/bin/../libexec/gcc/:/cygdrive/c/Program Files (x86)/neuromeka/NRMKPlatformPC3/Drivers/x86_64-unknown-linux-gnu/bin/../lib/gcc/x86_64-unknown-linux-gnu/6.5.0/../../../../x86_64-unknown-linux-gnu/bin/
LIBRARY_PATH=/cygdrive/c/Program Files (x86)/neuromeka/NRMKPlatformPC3/Drivers/x86_64-unknown-linux-gnu/bin/../lib/gcc/x86_64-unknown-linux-gnu/6.5.0/:/cygdrive/c/Program Files (x86)/neuromeka/NRMKPlatformPC3/Drivers/x86_64-unknown-linux-gnu/bin/../lib/gcc/:/cygdrive/c/Program Files (x86)/neuromeka/NRMKPlatformPC3/Drivers/x86_64-unknown-linux-gnu/bin/../lib/gcc/x86_64-unknown-linux-gnu/6.5.0/../../../../x86_64-unknown-linux-gnu/lib/../lib64/:/cygdrive/c/Program Files (x86)/neuromeka/NRMKPlatformPC3/Drivers/x86_64-unknown-linux-gnu/bin/../x86_64-unknown-linux-gnu/sysroot/lib/../lib64/:/cygdrive/c/Program Files (x86)/neuromeka/NRMKPlatformPC3/Drivers/x86_64-unknown-linux-gnu/bin/../x86_64-unknown-linux-gnu/sysroot/usr/lib/../lib64/:/cygdrive/c/Program Files (x86)/neuromeka/NRMKPlatformPC3/Drivers/x86_64-unknown-linux-gnu/bin/../lib/gcc/x86_64-unknown-linux-gnu/6.5.0/../../../../x86_64-unknown-linux-gnu/lib/:/cygdrive/c/Program Files (x86)/neuromeka/NRMKPlatformPC3/Drivers/x86_64-unknown-linux-gnu/bin/../x86_64-unknown-linux-gnu/sysroot/lib/:/cygdrive/c/Program Files (x86)/neuromeka/NRMKPlatformPC3/Drivers/x86_64-unknown-linux-gnu/bin/../x86_64-unknown-linux-gnu/sysroot/usr/lib/
COLLECT_GCC_OPTIONS='-v' '-rdynamic' '-o' 'cmTC_6e5f3' '-mtune=generic' '-march=x86-64'
 /cygdrive/c/Program Files (x86)/neuromeka/NRMKPlatformPC3/Drivers/x86_64-unknown-linux-gnu/bin/../libexec/gcc/x86_64-unknown-linux-gnu/6.5.0/collect2.exe -plugin /cygdrive/c/Program Files (x86)/neuromeka/NRMKPlatformPC3/Drivers/x86_64-unknown-linux-gnu/bin/../libexec/gcc/x86_64-unknown-linux-gnu/6.5.0/cyglto_plugin-0.dll -plugin-opt=/cygdrive/c/Program Files (x86)/neuromeka/NRMKPlatformPC3/Drivers/x86_64-unknown-linux-gnu/bin/../libexec/gcc/x86_64-unknown-linux-gnu/6.5.0/lto-wrapper.exe -plugin-opt=-fresolution=/tmp/ccpL8YvB.res -plugin-opt=-pass-through=-lgcc -plugin-opt=-pass-through=-lgcc_s -plugin-opt=-pass-through=-lc -plugin-opt=-pass-through=-lgcc -plugin-opt=-pass-through=-lgcc_s --sysroot=/cygdrive/c/Program Files (x86)/neuromeka/NRMKPlatformPC3/Drivers/x86_64-unknown-linux-gnu/bin/../x86_64-unknown-linux-gnu/sysroot --eh-frame-hdr -m elf_x86_64 -export-dynamic -dynamic-linker /lib64/ld-linux-x86-64.so.2 -o cmTC_6e5f3 /cygdrive/c/Program Files (x86)/neuromeka/NRMKPlatformPC3/Drivers/x86_64-unknown-linux-gnu/bin/../x86_64-unknown-linux-gnu/sysroot/usr/lib/../lib64/crt1.o /cygdrive/c/Program Files (x86)/neuromeka/NRMKPlatformPC3/Drivers/x86_64-unknown-linux-gnu/bin/../x86_64-unknown-linux-gnu/sysroot/usr/lib/../lib64/crti.o /cygdrive/c/Program Files (x86)/neuromeka/NRMKPlatformPC3/Drivers/x86_64-unknown-linux-gnu/bin/../lib/gcc/x86_64-unknown-linux-gnu/6.5.0/crtbegin.o -L/cygdrive/c/Program Files (x86)/neuromeka/NRMKPlatformPC3/Drivers/x86_64-unknown-linux-gnu/bin/../lib/gcc/x86_64-unknown-linux-gnu/6.5.0 -L/cygdrive/c/Program Files (x86)/neuromeka/NRMKPlatformPC3/Drivers/x86_64-unknown-linux-gnu/bin/../lib/gcc -L/cygdrive/c/Program Files (x86)/neuromeka/NRMKPlatformPC3/Drivers/x86_64-unknown-linux-gnu/bin/../lib/gcc/x86_64-unknown-linux-gnu/6.5.0/../../../../x86_64-unknown-linux-gnu/lib/../lib64 -L/cygdrive/c/Program Files (x86)/neuromeka/NRMKPlatformPC3/Drivers/x86_64-unknown-linux-gnu/bin/../x86_64-unknown-linux-gnu/sysroot/lib/../lib64 -L/cygdrive/c/Program Files (x86)/neuromeka/NRMKPlatformPC3/Drivers/x86_64-unknown-linux-gnu/bin/../x86_64-unknown-linux-gnu/sysroot/usr/lib/../lib64 -L/cygdrive/c/Program Files (x86)/neuromeka/NRMKPlatformPC3/Drivers/x86_64-unknown-linux-gnu/bin/../lib/gcc/x86_64-unknown-linux-gnu/6.5.0/../../../../x86_64-unknown-linux-gnu/lib -L/cygdrive/c/Program Files (x86)/neuromeka/NRMKPlatformPC3/Drivers/x86_64-unknown-linux-gnu/bin/../x86_64-unknown-linux-gnu/sysroot/lib -L/cygdrive/c/Program Files (x86)/neuromeka/NRMKPlatformPC3/Drivers/x86_64-unknown-linux-gnu/bin/../x86_64-unknown-linux-gnu/sysroot/usr/lib CMakeFiles/cmTC_6e5f3.dir/CMakeCCompilerABI.c.o -lgcc --as-needed -lgcc_s --no-as-needed -lc -lgcc --as-needed -lgcc_s --no-as-needed /cygdrive/c/Program Files (x86)/neuromeka/NRMKPlatformPC3/Drivers/x86_64-unknown-linux-gnu/bin/../lib/gcc/x86_64-unknown-linux-gnu/6.5.0/crtend.o /cygdrive/c/Program Files (x86)/neuromeka/NRMKPlatformPC3/Drivers/x86_64-unknown-linux-gnu/bin/../x86_64-unknown-linux-gnu/sysroot/usr/lib/../lib64/crtn.o
COLLECT_GCC_OPTIONS='-v' '-rdynamic' '-o' 'cmTC_6e5f3' '-mtune=generic' '-march=x86-64'
make[1]: Leaving directory '/cygdrive/c/NRMK-Local-Repository/ethercat_moby_framework/src/neuromeka-clients/cmake-build-release/CMakeFiles/CMakeTmp'


Parsed C implicit link information from above output:
  link line regex: [^( *|.*[/\])(x86_64-unknown-linux-gnu-ld\.exe|CMAKE_LINK_STARTFILE-NOTFOUND|([^/\]+-)?ld|collect2)[^/\]*( |$)]
  ignore line: [Change Dir: /cygdrive/c/NRMK-Local-Repository/ethercat_moby_framework/src/neuromeka-clients/cmake-build-release/CMakeFiles/CMakeTmp]
  ignore line: []
  ignore line: [Run Build Command:"/usr/bin/make.exe" "cmTC_6e5f3/fast"]
  ignore line: [/usr/bin/make -f CMakeFiles/cmTC_6e5f3.dir/build.make CMakeFiles/cmTC_6e5f3.dir/build]
  ignore line: [make[1]: Entering directory '/cygdrive/c/NRMK-Local-Repository/ethercat_moby_framework/src/neuromeka-clients/cmake-build-release/CMakeFiles/CMakeTmp']
  ignore line: [Building C object CMakeFiles/cmTC_6e5f3.dir/CMakeCCompilerABI.c.o]
  ignore line: ["C:/Program Files (x86)/neuromeka/NRMKPlatformPC3/Drivers/x86_64-unknown-linux-gnu/bin/x86_64-unknown-linux-gnu-gcc.exe"    -o CMakeFiles/cmTC_6e5f3.dir/CMakeCCompilerABI.c.o   -c "/cygdrive/c/Program Files (x86)/neuromeka/NRMKPlatformPC2/Drivers/cygwin_cmake/share/cmake-3.13.2/Modules/CMakeCCompilerABI.c"]
  ignore line: [Linking C executable cmTC_6e5f3]
  ignore line: ["/cygdrive/c/Program Files (x86)/neuromeka/NRMKPlatformPC2/Drivers/cygwin_cmake/bin/cmake.exe" -E cmake_link_script CMakeFiles/cmTC_6e5f3.dir/link.txt --verbose=1]
  ignore line: ["C:/Program Files (x86)/neuromeka/NRMKPlatformPC3/Drivers/x86_64-unknown-linux-gnu/bin/x86_64-unknown-linux-gnu-gcc.exe"     -v -rdynamic CMakeFiles/cmTC_6e5f3.dir/CMakeCCompilerABI.c.o  -o cmTC_6e5f3 ]
  ignore line: [Using built-in specs.]
  ignore line: [COLLECT_GCC=C:/Program Files (x86)/neuromeka/NRMKPlatformPC3/Drivers/x86_64-unknown-linux-gnu/bin/x86_64-unknown-linux-gnu-gcc]
  ignore line: [COLLECT_LTO_WRAPPER=/cygdrive/c/Program\ Files\ (x86)/neuromeka/NRMKPlatformPC3/Drivers/x86_64-unknown-linux-gnu/bin/../libexec/gcc/x86_64-unknown-linux-gnu/6.5.0/lto-wrapper.exe]
  ignore line: [Target: x86_64-unknown-linux-gnu]
  ignore line: [Configured with: /home/Oliver/build_step3_gcc6.5/.build/x86_64-unknown-linux-gnu/src/gcc/configure --build=x86_64-build_pc-cygwin --host=x86_64-build_pc-cygwin --target=x86_64-unknown-linux-gnu --prefix=/home/Oliver/x-tools/x86_64-unknown-linux-gnu --with-sysroot=/home/Oliver/x-tools/x86_64-unknown-linux-gnu/x86_64-unknown-linux-gnu/sysroot --enable-languages=c,c++ --with-pkgversion='crosstool-NG 1.23.0.595-e550d2c' --enable-__cxa_atexit --disable-libmudflap --disable-libgomp --disable-libssp --disable-libquadmath --disable-libquadmath-support --disable-libsanitizer --enable-libmpx --with-gmp=/home/Oliver/build_step3_gcc6.5/.build/x86_64-unknown-linux-gnu/buildtools --with-mpfr=/home/Oliver/build_step3_gcc6.5/.build/x86_64-unknown-linux-gnu/buildtools --with-mpc=/home/Oliver/build_step3_gcc6.5/.build/x86_64-unknown-linux-gnu/buildtools --with-isl=/home/Oliver/build_step3_gcc6.5/.build/x86_64-unknown-linux-gnu/buildtools --enable-lto --with-host-libstdcxx='-static-libgcc -Wl,-Bstatic,-lstdc++,-Bdynamic -lm' --enable-threads=posix --enable-target-optspace --disable-plugin --disable-nls --disable-multilib --with-local-prefix=/home/Oliver/x-tools/x86_64-unknown-linux-gnu/x86_64-unknown-linux-gnu/sysroot --enable-long-long]
  ignore line: [Thread model: posix]
  ignore line: [gcc version 6.5.0 (crosstool-NG 1.23.0.595-e550d2c) ]
  ignore line: [COMPILER_PATH=/cygdrive/c/Program Files (x86)/neuromeka/NRMKPlatformPC3/Drivers/x86_64-unknown-linux-gnu/bin/../libexec/gcc/x86_64-unknown-linux-gnu/6.5.0/:/cygdrive/c/Program Files (x86)/neuromeka/NRMKPlatformPC3/Drivers/x86_64-unknown-linux-gnu/bin/../libexec/gcc/:/cygdrive/c/Program Files (x86)/neuromeka/NRMKPlatformPC3/Drivers/x86_64-unknown-linux-gnu/bin/../lib/gcc/x86_64-unknown-linux-gnu/6.5.0/../../../../x86_64-unknown-linux-gnu/bin/]
  ignore line: [LIBRARY_PATH=/cygdrive/c/Program Files (x86)/neuromeka/NRMKPlatformPC3/Drivers/x86_64-unknown-linux-gnu/bin/../lib/gcc/x86_64-unknown-linux-gnu/6.5.0/:/cygdrive/c/Program Files (x86)/neuromeka/NRMKPlatformPC3/Drivers/x86_64-unknown-linux-gnu/bin/../lib/gcc/:/cygdrive/c/Program Files (x86)/neuromeka/NRMKPlatformPC3/Drivers/x86_64-unknown-linux-gnu/bin/../lib/gcc/x86_64-unknown-linux-gnu/6.5.0/../../../../x86_64-unknown-linux-gnu/lib/../lib64/:/cygdrive/c/Program Files (x86)/neuromeka/NRMKPlatformPC3/Drivers/x86_64-unknown-linux-gnu/bin/../x86_64-unknown-linux-gnu/sysroot/lib/../lib64/:/cygdrive/c/Program Files (x86)/neuromeka/NRMKPlatformPC3/Drivers/x86_64-unknown-linux-gnu/bin/../x86_64-unknown-linux-gnu/sysroot/usr/lib/../lib64/:/cygdrive/c/Program Files (x86)/neuromeka/NRMKPlatformPC3/Drivers/x86_64-unknown-linux-gnu/bin/../lib/gcc/x86_64-unknown-linux-gnu/6.5.0/../../../../x86_64-unknown-linux-gnu/lib/:/cygdrive/c/Program Files (x86)/neuromeka/NRMKPlatformPC3/Drivers/x86_64-unknown-linux-gnu/bin/../x86_64-unknown-linux-gnu/sysroot/lib/:/cygdrive/c/Program Files (x86)/neuromeka/NRMKPlatformPC3/Drivers/x86_64-unknown-linux-gnu/bin/../x86_64-unknown-linux-gnu/sysroot/usr/lib/]
  ignore line: [COLLECT_GCC_OPTIONS='-v' '-rdynamic' '-o' 'cmTC_6e5f3' '-mtune=generic' '-march=x86-64']
  ignore line: [ /cygdrive/c/Program Files (x86)/neuromeka/NRMKPlatformPC3/Drivers/x86_64-unknown-linux-gnu/bin/../libexec/gcc/x86_64-unknown-linux-gnu/6.5.0/collect2.exe -plugin /cygdrive/c/Program Files (x86)/neuromeka/NRMKPlatformPC3/Drivers/x86_64-unknown-linux-gnu/bin/../libexec/gcc/x86_64-unknown-linux-gnu/6.5.0/cyglto_plugin-0.dll -plugin-opt=/cygdrive/c/Program Files (x86)/neuromeka/NRMKPlatformPC3/Drivers/x86_64-unknown-linux-gnu/bin/../libexec/gcc/x86_64-unknown-linux-gnu/6.5.0/lto-wrapper.exe -plugin-opt=-fresolution=/tmp/ccpL8YvB.res -plugin-opt=-pass-through=-lgcc -plugin-opt=-pass-through=-lgcc_s -plugin-opt=-pass-through=-lc -plugin-opt=-pass-through=-lgcc -plugin-opt=-pass-through=-lgcc_s --sysroot=/cygdrive/c/Program Files (x86)/neuromeka/NRMKPlatformPC3/Drivers/x86_64-unknown-linux-gnu/bin/../x86_64-unknown-linux-gnu/sysroot --eh-frame-hdr -m elf_x86_64 -export-dynamic -dynamic-linker /lib64/ld-linux-x86-64.so.2 -o cmTC_6e5f3 /cygdrive/c/Program Files (x86)/neuromeka/NRMKPlatformPC3/Drivers/x86_64-unknown-linux-gnu/bin/../x86_64-unknown-linux-gnu/sysroot/usr/lib/../lib64/crt1.o /cygdrive/c/Program Files (x86)/neuromeka/NRMKPlatformPC3/Drivers/x86_64-unknown-linux-gnu/bin/../x86_64-unknown-linux-gnu/sysroot/usr/lib/../lib64/crti.o /cygdrive/c/Program Files (x86)/neuromeka/NRMKPlatformPC3/Drivers/x86_64-unknown-linux-gnu/bin/../lib/gcc/x86_64-unknown-linux-gnu/6.5.0/crtbegin.o -L/cygdrive/c/Program Files (x86)/neuromeka/NRMKPlatformPC3/Drivers/x86_64-unknown-linux-gnu/bin/../lib/gcc/x86_64-unknown-linux-gnu/6.5.0 -L/cygdrive/c/Program Files (x86)/neuromeka/NRMKPlatformPC3/Drivers/x86_64-unknown-linux-gnu/bin/../lib/gcc -L/cygdrive/c/Program Files (x86)/neuromeka/NRMKPlatformPC3/Drivers/x86_64-unknown-linux-gnu/bin/../lib/gcc/x86_64-unknown-linux-gnu/6.5.0/../../../../x86_64-unknown-linux-gnu/lib/../lib64 -L/cygdrive/c/Program Files (x86)/neuromeka/NRMKPlatformPC3/Drivers/x86_64-unknown-linux-gnu/bin/../x86_64-unknown-linux-gnu/sysroot/lib/../lib64 -L/cygdrive/c/Program Files (x86)/neuromeka/NRMKPlatformPC3/Drivers/x86_64-unknown-linux-gnu/bin/../x86_64-unknown-linux-gnu/sysroot/usr/lib/../lib64 -L/cygdrive/c/Program Files (x86)/neuromeka/NRMKPlatformPC3/Drivers/x86_64-unknown-linux-gnu/bin/../lib/gcc/x86_64-unknown-linux-gnu/6.5.0/../../../../x86_64-unknown-linux-gnu/lib -L/cygdrive/c/Program Files (x86)/neuromeka/NRMKPlatformPC3/Drivers/x86_64-unknown-linux-gnu/bin/../x86_64-unknown-linux-gnu/sysroot/lib -L/cygdrive/c/Program Files (x86)/neuromeka/NRMKPlatformPC3/Drivers/x86_64-unknown-linux-gnu/bin/../x86_64-unknown-linux-gnu/sysroot/usr/lib CMakeFiles/cmTC_6e5f3.dir/CMakeCCompilerABI.c.o -lgcc --as-needed -lgcc_s --no-as-needed -lc -lgcc --as-needed -lgcc_s --no-as-needed /cygdrive/c/Program Files (x86)/neuromeka/NRMKPlatformPC3/Drivers/x86_64-unknown-linux-gnu/bin/../lib/gcc/x86_64-unknown-linux-gnu/6.5.0/crtend.o /cygdrive/c/Program Files (x86)/neuromeka/NRMKPlatformPC3/Drivers/x86_64-unknown-linux-gnu/bin/../x86_64-unknown-linux-gnu/sysroot/usr/lib/../lib64/crtn.o]
  ignore line: [COLLECT_GCC_OPTIONS='-v' '-rdynamic' '-o' 'cmTC_6e5f3' '-mtune=generic' '-march=x86-64']
  ignore line: [make[1]: Leaving directory '/cygdrive/c/NRMK-Local-Repository/ethercat_moby_framework/src/neuromeka-clients/cmake-build-release/CMakeFiles/CMakeTmp']
  ignore line: []
  implicit libs: []
  implicit dirs: []
  implicit fwks: []




Detecting C [-std=c11] compiler features compiled with the following output:
Change Dir: /cygdrive/c/NRMK-Local-Repository/ethercat_moby_framework/src/neuromeka-clients/cmake-build-release/CMakeFiles/CMakeTmp

Run Build Command:"/usr/bin/make.exe" "cmTC_5e783/fast"
/usr/bin/make -f CMakeFiles/cmTC_5e783.dir/build.make CMakeFiles/cmTC_5e783.dir/build
make[1]: Entering directory '/cygdrive/c/NRMK-Local-Repository/ethercat_moby_framework/src/neuromeka-clients/cmake-build-release/CMakeFiles/CMakeTmp'
Building C object CMakeFiles/cmTC_5e783.dir/feature_tests.c.o
"C:/Program Files (x86)/neuromeka/NRMKPlatformPC3/Drivers/x86_64-unknown-linux-gnu/bin/x86_64-unknown-linux-gnu-gcc.exe"   -std=c11 -o CMakeFiles/cmTC_5e783.dir/feature_tests.c.o   -c /cygdrive/c/NRMK-Local-Repository/ethercat_moby_framework/src/neuromeka-clients/cmake-build-release/CMakeFiles/feature_tests.c
Linking C executable cmTC_5e783
"/cygdrive/c/Program Files (x86)/neuromeka/NRMKPlatformPC2/Drivers/cygwin_cmake/bin/cmake.exe" -E cmake_link_script CMakeFiles/cmTC_5e783.dir/link.txt --verbose=1
"C:/Program Files (x86)/neuromeka/NRMKPlatformPC3/Drivers/x86_64-unknown-linux-gnu/bin/x86_64-unknown-linux-gnu-gcc.exe"      -rdynamic CMakeFiles/cmTC_5e783.dir/feature_tests.c.o  -o cmTC_5e783 
make[1]: Leaving directory '/cygdrive/c/NRMK-Local-Repository/ethercat_moby_framework/src/neuromeka-clients/cmake-build-release/CMakeFiles/CMakeTmp'


    Feature record: C_FEATURE:1c_function_prototypes
    Feature record: C_FEATURE:1c_restrict
    Feature record: C_FEATURE:1c_static_assert
    Feature record: C_FEATURE:1c_variadic_macros


Detecting C [-std=c99] compiler features compiled with the following output:
Change Dir: /cygdrive/c/NRMK-Local-Repository/ethercat_moby_framework/src/neuromeka-clients/cmake-build-release/CMakeFiles/CMakeTmp

Run Build Command:"/usr/bin/make.exe" "cmTC_224f1/fast"
/usr/bin/make -f CMakeFiles/cmTC_224f1.dir/build.make CMakeFiles/cmTC_224f1.dir/build
make[1]: Entering directory '/cygdrive/c/NRMK-Local-Repository/ethercat_moby_framework/src/neuromeka-clients/cmake-build-release/CMakeFiles/CMakeTmp'
Building C object CMakeFiles/cmTC_224f1.dir/feature_tests.c.o
"C:/Program Files (x86)/neuromeka/NRMKPlatformPC3/Drivers/x86_64-unknown-linux-gnu/bin/x86_64-unknown-linux-gnu-gcc.exe"   -std=c99 -o CMakeFiles/cmTC_224f1.dir/feature_tests.c.o   -c /cygdrive/c/NRMK-Local-Repository/ethercat_moby_framework/src/neuromeka-clients/cmake-build-release/CMakeFiles/feature_tests.c
Linking C executable cmTC_224f1
"/cygdrive/c/Program Files (x86)/neuromeka/NRMKPlatformPC2/Drivers/cygwin_cmake/bin/cmake.exe" -E cmake_link_script CMakeFiles/cmTC_224f1.dir/link.txt --verbose=1
"C:/Program Files (x86)/neuromeka/NRMKPlatformPC3/Drivers/x86_64-unknown-linux-gnu/bin/x86_64-unknown-linux-gnu-gcc.exe"      -rdynamic CMakeFiles/cmTC_224f1.dir/feature_tests.c.o  -o cmTC_224f1 
make[1]: Leaving directory '/cygdrive/c/NRMK-Local-Repository/ethercat_moby_framework/src/neuromeka-clients/cmake-build-release/CMakeFiles/CMakeTmp'


    Feature record: C_FEATURE:1c_function_prototypes
    Feature record: C_FEATURE:1c_restrict
    Feature record: C_FEATURE:0c_static_assert
    Feature record: C_FEATURE:1c_variadic_macros


Detecting C [-std=c90] compiler features compiled with the following output:
Change Dir: /cygdrive/c/NRMK-Local-Repository/ethercat_moby_framework/src/neuromeka-clients/cmake-build-release/CMakeFiles/CMakeTmp

Run Build Command:"/usr/bin/make.exe" "cmTC_cbc80/fast"
/usr/bin/make -f CMakeFiles/cmTC_cbc80.dir/build.make CMakeFiles/cmTC_cbc80.dir/build
make[1]: Entering directory '/cygdrive/c/NRMK-Local-Repository/ethercat_moby_framework/src/neuromeka-clients/cmake-build-release/CMakeFiles/CMakeTmp'
Building C object CMakeFiles/cmTC_cbc80.dir/feature_tests.c.o
"C:/Program Files (x86)/neuromeka/NRMKPlatformPC3/Drivers/x86_64-unknown-linux-gnu/bin/x86_64-unknown-linux-gnu-gcc.exe"   -std=c90 -o CMakeFiles/cmTC_cbc80.dir/feature_tests.c.o   -c /cygdrive/c/NRMK-Local-Repository/ethercat_moby_framework/src/neuromeka-clients/cmake-build-release/CMakeFiles/feature_tests.c
Linking C executable cmTC_cbc80
"/cygdrive/c/Program Files (x86)/neuromeka/NRMKPlatformPC2/Drivers/cygwin_cmake/bin/cmake.exe" -E cmake_link_script CMakeFiles/cmTC_cbc80.dir/link.txt --verbose=1
"C:/Program Files (x86)/neuromeka/NRMKPlatformPC3/Drivers/x86_64-unknown-linux-gnu/bin/x86_64-unknown-linux-gnu-gcc.exe"      -rdynamic CMakeFiles/cmTC_cbc80.dir/feature_tests.c.o  -o cmTC_cbc80 
make[1]: Leaving directory '/cygdrive/c/NRMK-Local-Repository/ethercat_moby_framework/src/neuromeka-clients/cmake-build-release/CMakeFiles/CMakeTmp'


    Feature record: C_FEATURE:1c_function_prototypes
    Feature record: C_FEATURE:0c_restrict
    Feature record: C_FEATURE:0c_static_assert
    Feature record: C_FEATURE:0c_variadic_macros
Determining if the CXX compiler works passed with the following output:
Change Dir: /cygdrive/c/NRMK-Local-Repository/ethercat_moby_framework/src/neuromeka-clients/cmake-build-release/CMakeFiles/CMakeTmp

Run Build Command:"/usr/bin/make.exe" "cmTC_87b14/fast"
/usr/bin/make -f CMakeFiles/cmTC_87b14.dir/build.make CMakeFiles/cmTC_87b14.dir/build
make[1]: Entering directory '/cygdrive/c/NRMK-Local-Repository/ethercat_moby_framework/src/neuromeka-clients/cmake-build-release/CMakeFiles/CMakeTmp'
Building CXX object CMakeFiles/cmTC_87b14.dir/testCXXCompiler.cxx.o
"C:/Program Files (x86)/neuromeka/NRMKPlatformPC3/Drivers/x86_64-unknown-linux-gnu/bin/x86_64-unknown-linux-gnu-g++.exe"     -o CMakeFiles/cmTC_87b14.dir/testCXXCompiler.cxx.o -c /cygdrive/c/NRMK-Local-Repository/ethercat_moby_framework/src/neuromeka-clients/cmake-build-release/CMakeFiles/CMakeTmp/testCXXCompiler.cxx
Linking CXX executable cmTC_87b14
"/cygdrive/c/Program Files (x86)/neuromeka/NRMKPlatformPC2/Drivers/cygwin_cmake/bin/cmake.exe" -E cmake_link_script CMakeFiles/cmTC_87b14.dir/link.txt --verbose=1
"C:/Program Files (x86)/neuromeka/NRMKPlatformPC3/Drivers/x86_64-unknown-linux-gnu/bin/x86_64-unknown-linux-gnu-g++.exe"       -rdynamic CMakeFiles/cmTC_87b14.dir/testCXXCompiler.cxx.o  -o cmTC_87b14 
make[1]: Leaving directory '/cygdrive/c/NRMK-Local-Repository/ethercat_moby_framework/src/neuromeka-clients/cmake-build-release/CMakeFiles/CMakeTmp'


Detecting CXX compiler ABI info compiled with the following output:
Change Dir: /cygdrive/c/NRMK-Local-Repository/ethercat_moby_framework/src/neuromeka-clients/cmake-build-release/CMakeFiles/CMakeTmp

Run Build Command:"/usr/bin/make.exe" "cmTC_ad825/fast"
/usr/bin/make -f CMakeFiles/cmTC_ad825.dir/build.make CMakeFiles/cmTC_ad825.dir/build
make[1]: Entering directory '/cygdrive/c/NRMK-Local-Repository/ethercat_moby_framework/src/neuromeka-clients/cmake-build-release/CMakeFiles/CMakeTmp'
Building CXX object CMakeFiles/cmTC_ad825.dir/CMakeCXXCompilerABI.cpp.o
"C:/Program Files (x86)/neuromeka/NRMKPlatformPC3/Drivers/x86_64-unknown-linux-gnu/bin/x86_64-unknown-linux-gnu-g++.exe"     -o CMakeFiles/cmTC_ad825.dir/CMakeCXXCompilerABI.cpp.o -c "/cygdrive/c/Program Files (x86)/neuromeka/NRMKPlatformPC2/Drivers/cygwin_cmake/share/cmake-3.13.2/Modules/CMakeCXXCompilerABI.cpp"
Linking CXX executable cmTC_ad825
"/cygdrive/c/Program Files (x86)/neuromeka/NRMKPlatformPC2/Drivers/cygwin_cmake/bin/cmake.exe" -E cmake_link_script CMakeFiles/cmTC_ad825.dir/link.txt --verbose=1
"C:/Program Files (x86)/neuromeka/NRMKPlatformPC3/Drivers/x86_64-unknown-linux-gnu/bin/x86_64-unknown-linux-gnu-g++.exe"      -v -rdynamic CMakeFiles/cmTC_ad825.dir/CMakeCXXCompilerABI.cpp.o  -o cmTC_ad825 
Using built-in specs.
COLLECT_GCC=C:/Program Files (x86)/neuromeka/NRMKPlatformPC3/Drivers/x86_64-unknown-linux-gnu/bin/x86_64-unknown-linux-gnu-g++
COLLECT_LTO_WRAPPER=/cygdrive/c/Program\ Files\ (x86)/neuromeka/NRMKPlatformPC3/Drivers/x86_64-unknown-linux-gnu/bin/../libexec/gcc/x86_64-unknown-linux-gnu/6.5.0/lto-wrapper.exe
Target: x86_64-unknown-linux-gnu
Configured with: /home/Oliver/build_step3_gcc6.5/.build/x86_64-unknown-linux-gnu/src/gcc/configure --build=x86_64-build_pc-cygwin --host=x86_64-build_pc-cygwin --target=x86_64-unknown-linux-gnu --prefix=/home/Oliver/x-tools/x86_64-unknown-linux-gnu --with-sysroot=/home/Oliver/x-tools/x86_64-unknown-linux-gnu/x86_64-unknown-linux-gnu/sysroot --enable-languages=c,c++ --with-pkgversion='crosstool-NG 1.23.0.595-e550d2c' --enable-__cxa_atexit --disable-libmudflap --disable-libgomp --disable-libssp --disable-libquadmath --disable-libquadmath-support --disable-libsanitizer --enable-libmpx --with-gmp=/home/Oliver/build_step3_gcc6.5/.build/x86_64-unknown-linux-gnu/buildtools --with-mpfr=/home/Oliver/build_step3_gcc6.5/.build/x86_64-unknown-linux-gnu/buildtools --with-mpc=/home/Oliver/build_step3_gcc6.5/.build/x86_64-unknown-linux-gnu/buildtools --with-isl=/home/Oliver/build_step3_gcc6.5/.build/x86_64-unknown-linux-gnu/buildtools --enable-lto --with-host-libstdcxx='-static-libgcc -Wl,-Bstatic,-lstdc++,-Bdynamic -lm' --enable-threads=posix --enable-target-optspace --disable-plugin --disable-nls --disable-multilib --with-local-prefix=/home/Oliver/x-tools/x86_64-unknown-linux-gnu/x86_64-unknown-linux-gnu/sysroot --enable-long-long
Thread model: posix
gcc version 6.5.0 (crosstool-NG 1.23.0.595-e550d2c) 
COMPILER_PATH=/cygdrive/c/Program Files (x86)/neuromeka/NRMKPlatformPC3/Drivers/x86_64-unknown-linux-gnu/bin/../libexec/gcc/x86_64-unknown-linux-gnu/6.5.0/:/cygdrive/c/Program Files (x86)/neuromeka/NRMKPlatformPC3/Drivers/x86_64-unknown-linux-gnu/bin/../libexec/gcc/:/cygdrive/c/Program Files (x86)/neuromeka/NRMKPlatformPC3/Drivers/x86_64-unknown-linux-gnu/bin/../lib/gcc/x86_64-unknown-linux-gnu/6.5.0/../../../../x86_64-unknown-linux-gnu/bin/
LIBRARY_PATH=/cygdrive/c/Program Files (x86)/neuromeka/NRMKPlatformPC3/Drivers/x86_64-unknown-linux-gnu/bin/../lib/gcc/x86_64-unknown-linux-gnu/6.5.0/:/cygdrive/c/Program Files (x86)/neuromeka/NRMKPlatformPC3/Drivers/x86_64-unknown-linux-gnu/bin/../lib/gcc/:/cygdrive/c/Program Files (x86)/neuromeka/NRMKPlatformPC3/Drivers/x86_64-unknown-linux-gnu/bin/../lib/gcc/x86_64-unknown-linux-gnu/6.5.0/../../../../x86_64-unknown-linux-gnu/lib/../lib64/:/cygdrive/c/Program Files (x86)/neuromeka/NRMKPlatformPC3/Drivers/x86_64-unknown-linux-gnu/bin/../x86_64-unknown-linux-gnu/sysroot/lib/../lib64/:/cygdrive/c/Program Files (x86)/neuromeka/NRMKPlatformPC3/Drivers/x86_64-unknown-linux-gnu/bin/../x86_64-unknown-linux-gnu/sysroot/usr/lib/../lib64/:/cygdrive/c/Program Files (x86)/neuromeka/NRMKPlatformPC3/Drivers/x86_64-unknown-linux-gnu/bin/../lib/gcc/x86_64-unknown-linux-gnu/6.5.0/../../../../x86_64-unknown-linux-gnu/lib/:/cygdrive/c/Program Files (x86)/neuromeka/NRMKPlatformPC3/Drivers/x86_64-unknown-linux-gnu/bin/../x86_64-unknown-linux-gnu/sysroot/lib/:/cygdrive/c/Program Files (x86)/neuromeka/NRMKPlatformPC3/Drivers/x86_64-unknown-linux-gnu/bin/../x86_64-unknown-linux-gnu/sysroot/usr/lib/
COLLECT_GCC_OPTIONS='-v' '-rdynamic' '-o' 'cmTC_ad825' '-shared-libgcc' '-mtune=generic' '-march=x86-64'
 /cygdrive/c/Program Files (x86)/neuromeka/NRMKPlatformPC3/Drivers/x86_64-unknown-linux-gnu/bin/../libexec/gcc/x86_64-unknown-linux-gnu/6.5.0/collect2.exe -plugin /cygdrive/c/Program Files (x86)/neuromeka/NRMKPlatformPC3/Drivers/x86_64-unknown-linux-gnu/bin/../libexec/gcc/x86_64-unknown-linux-gnu/6.5.0/cyglto_plugin-0.dll -plugin-opt=/cygdrive/c/Program Files (x86)/neuromeka/NRMKPlatformPC3/Drivers/x86_64-unknown-linux-gnu/bin/../libexec/gcc/x86_64-unknown-linux-gnu/6.5.0/lto-wrapper.exe -plugin-opt=-fresolution=/tmp/ccS5fzYs.res -plugin-opt=-pass-through=-lgcc_s -plugin-opt=-pass-through=-lgcc -plugin-opt=-pass-through=-lc -plugin-opt=-pass-through=-lgcc_s -plugin-opt=-pass-through=-lgcc --sysroot=/cygdrive/c/Program Files (x86)/neuromeka/NRMKPlatformPC3/Drivers/x86_64-unknown-linux-gnu/bin/../x86_64-unknown-linux-gnu/sysroot --eh-frame-hdr -m elf_x86_64 -export-dynamic -dynamic-linker /lib64/ld-linux-x86-64.so.2 -o cmTC_ad825 /cygdrive/c/Program Files (x86)/neuromeka/NRMKPlatformPC3/Drivers/x86_64-unknown-linux-gnu/bin/../x86_64-unknown-linux-gnu/sysroot/usr/lib/../lib64/crt1.o /cygdrive/c/Program Files (x86)/neuromeka/NRMKPlatformPC3/Drivers/x86_64-unknown-linux-gnu/bin/../x86_64-unknown-linux-gnu/sysroot/usr/lib/../lib64/crti.o /cygdrive/c/Program Files (x86)/neuromeka/NRMKPlatformPC3/Drivers/x86_64-unknown-linux-gnu/bin/../lib/gcc/x86_64-unknown-linux-gnu/6.5.0/crtbegin.o -L/cygdrive/c/Program Files (x86)/neuromeka/NRMKPlatformPC3/Drivers/x86_64-unknown-linux-gnu/bin/../lib/gcc/x86_64-unknown-linux-gnu/6.5.0 -L/cygdrive/c/Program Files (x86)/neuromeka/NRMKPlatformPC3/Drivers/x86_64-unknown-linux-gnu/bin/../lib/gcc -L/cygdrive/c/Program Files (x86)/neuromeka/NRMKPlatformPC3/Drivers/x86_64-unknown-linux-gnu/bin/../lib/gcc/x86_64-unknown-linux-gnu/6.5.0/../../../../x86_64-unknown-linux-gnu/lib/../lib64 -L/cygdrive/c/Program Files (x86)/neuromeka/NRMKPlatformPC3/Drivers/x86_64-unknown-linux-gnu/bin/../x86_64-unknown-linux-gnu/sysroot/lib/../lib64 -L/cygdrive/c/Program Files (x86)/neuromeka/NRMKPlatformPC3/Drivers/x86_64-unknown-linux-gnu/bin/../x86_64-unknown-linux-gnu/sysroot/usr/lib/../lib64 -L/cygdrive/c/Program Files (x86)/neuromeka/NRMKPlatformPC3/Drivers/x86_64-unknown-linux-gnu/bin/../lib/gcc/x86_64-unknown-linux-gnu/6.5.0/../../../../x86_64-unknown-linux-gnu/lib -L/cygdrive/c/Program Files (x86)/neuromeka/NRMKPlatformPC3/Drivers/x86_64-unknown-linux-gnu/bin/../x86_64-unknown-linux-gnu/sysroot/lib -L/cygdrive/c/Program Files (x86)/neuromeka/NRMKPlatformPC3/Drivers/x86_64-unknown-linux-gnu/bin/../x86_64-unknown-linux-gnu/sysroot/usr/lib CMakeFiles/cmTC_ad825.dir/CMakeCXXCompilerABI.cpp.o -lstdc++ -lm -lgcc_s -lgcc -lc -lgcc_s -lgcc /cygdrive/c/Program Files (x86)/neuromeka/NRMKPlatformPC3/Drivers/x86_64-unknown-linux-gnu/bin/../lib/gcc/x86_64-unknown-linux-gnu/6.5.0/crtend.o /cygdrive/c/Program Files (x86)/neuromeka/NRMKPlatformPC3/Drivers/x86_64-unknown-linux-gnu/bin/../x86_64-unknown-linux-gnu/sysroot/usr/lib/../lib64/crtn.o
COLLECT_GCC_OPTIONS='-v' '-rdynamic' '-o' 'cmTC_ad825' '-shared-libgcc' '-mtune=generic' '-march=x86-64'
make[1]: Leaving directory '/cygdrive/c/NRMK-Local-Repository/ethercat_moby_framework/src/neuromeka-clients/cmake-build-release/CMakeFiles/CMakeTmp'


Parsed CXX implicit link information from above output:
  link line regex: [^( *|.*[/\])(x86_64-unknown-linux-gnu-ld\.exe|CMAKE_LINK_STARTFILE-NOTFOUND|([^/\]+-)?ld|collect2)[^/\]*( |$)]
  ignore line: [Change Dir: /cygdrive/c/NRMK-Local-Repository/ethercat_moby_framework/src/neuromeka-clients/cmake-build-release/CMakeFiles/CMakeTmp]
  ignore line: []
  ignore line: [Run Build Command:"/usr/bin/make.exe" "cmTC_ad825/fast"]
  ignore line: [/usr/bin/make -f CMakeFiles/cmTC_ad825.dir/build.make CMakeFiles/cmTC_ad825.dir/build]
  ignore line: [make[1]: Entering directory '/cygdrive/c/NRMK-Local-Repository/ethercat_moby_framework/src/neuromeka-clients/cmake-build-release/CMakeFiles/CMakeTmp']
  ignore line: [Building CXX object CMakeFiles/cmTC_ad825.dir/CMakeCXXCompilerABI.cpp.o]
  ignore line: ["C:/Program Files (x86)/neuromeka/NRMKPlatformPC3/Drivers/x86_64-unknown-linux-gnu/bin/x86_64-unknown-linux-gnu-g++.exe"     -o CMakeFiles/cmTC_ad825.dir/CMakeCXXCompilerABI.cpp.o -c "/cygdrive/c/Program Files (x86)/neuromeka/NRMKPlatformPC2/Drivers/cygwin_cmake/share/cmake-3.13.2/Modules/CMakeCXXCompilerABI.cpp"]
  ignore line: [Linking CXX executable cmTC_ad825]
  ignore line: ["/cygdrive/c/Program Files (x86)/neuromeka/NRMKPlatformPC2/Drivers/cygwin_cmake/bin/cmake.exe" -E cmake_link_script CMakeFiles/cmTC_ad825.dir/link.txt --verbose=1]
  ignore line: ["C:/Program Files (x86)/neuromeka/NRMKPlatformPC3/Drivers/x86_64-unknown-linux-gnu/bin/x86_64-unknown-linux-gnu-g++.exe"      -v -rdynamic CMakeFiles/cmTC_ad825.dir/CMakeCXXCompilerABI.cpp.o  -o cmTC_ad825 ]
  ignore line: [Using built-in specs.]
  ignore line: [COLLECT_GCC=C:/Program Files (x86)/neuromeka/NRMKPlatformPC3/Drivers/x86_64-unknown-linux-gnu/bin/x86_64-unknown-linux-gnu-g++]
  ignore line: [COLLECT_LTO_WRAPPER=/cygdrive/c/Program\ Files\ (x86)/neuromeka/NRMKPlatformPC3/Drivers/x86_64-unknown-linux-gnu/bin/../libexec/gcc/x86_64-unknown-linux-gnu/6.5.0/lto-wrapper.exe]
  ignore line: [Target: x86_64-unknown-linux-gnu]
  ignore line: [Configured with: /home/Oliver/build_step3_gcc6.5/.build/x86_64-unknown-linux-gnu/src/gcc/configure --build=x86_64-build_pc-cygwin --host=x86_64-build_pc-cygwin --target=x86_64-unknown-linux-gnu --prefix=/home/Oliver/x-tools/x86_64-unknown-linux-gnu --with-sysroot=/home/Oliver/x-tools/x86_64-unknown-linux-gnu/x86_64-unknown-linux-gnu/sysroot --enable-languages=c,c++ --with-pkgversion='crosstool-NG 1.23.0.595-e550d2c' --enable-__cxa_atexit --disable-libmudflap --disable-libgomp --disable-libssp --disable-libquadmath --disable-libquadmath-support --disable-libsanitizer --enable-libmpx --with-gmp=/home/Oliver/build_step3_gcc6.5/.build/x86_64-unknown-linux-gnu/buildtools --with-mpfr=/home/Oliver/build_step3_gcc6.5/.build/x86_64-unknown-linux-gnu/buildtools --with-mpc=/home/Oliver/build_step3_gcc6.5/.build/x86_64-unknown-linux-gnu/buildtools --with-isl=/home/Oliver/build_step3_gcc6.5/.build/x86_64-unknown-linux-gnu/buildtools --enable-lto --with-host-libstdcxx='-static-libgcc -Wl,-Bstatic,-lstdc++,-Bdynamic -lm' --enable-threads=posix --enable-target-optspace --disable-plugin --disable-nls --disable-multilib --with-local-prefix=/home/Oliver/x-tools/x86_64-unknown-linux-gnu/x86_64-unknown-linux-gnu/sysroot --enable-long-long]
  ignore line: [Thread model: posix]
  ignore line: [gcc version 6.5.0 (crosstool-NG 1.23.0.595-e550d2c) ]
  ignore line: [COMPILER_PATH=/cygdrive/c/Program Files (x86)/neuromeka/NRMKPlatformPC3/Drivers/x86_64-unknown-linux-gnu/bin/../libexec/gcc/x86_64-unknown-linux-gnu/6.5.0/:/cygdrive/c/Program Files (x86)/neuromeka/NRMKPlatformPC3/Drivers/x86_64-unknown-linux-gnu/bin/../libexec/gcc/:/cygdrive/c/Program Files (x86)/neuromeka/NRMKPlatformPC3/Drivers/x86_64-unknown-linux-gnu/bin/../lib/gcc/x86_64-unknown-linux-gnu/6.5.0/../../../../x86_64-unknown-linux-gnu/bin/]
  ignore line: [LIBRARY_PATH=/cygdrive/c/Program Files (x86)/neuromeka/NRMKPlatformPC3/Drivers/x86_64-unknown-linux-gnu/bin/../lib/gcc/x86_64-unknown-linux-gnu/6.5.0/:/cygdrive/c/Program Files (x86)/neuromeka/NRMKPlatformPC3/Drivers/x86_64-unknown-linux-gnu/bin/../lib/gcc/:/cygdrive/c/Program Files (x86)/neuromeka/NRMKPlatformPC3/Drivers/x86_64-unknown-linux-gnu/bin/../lib/gcc/x86_64-unknown-linux-gnu/6.5.0/../../../../x86_64-unknown-linux-gnu/lib/../lib64/:/cygdrive/c/Program Files (x86)/neuromeka/NRMKPlatformPC3/Drivers/x86_64-unknown-linux-gnu/bin/../x86_64-unknown-linux-gnu/sysroot/lib/../lib64/:/cygdrive/c/Program Files (x86)/neuromeka/NRMKPlatformPC3/Drivers/x86_64-unknown-linux-gnu/bin/../x86_64-unknown-linux-gnu/sysroot/usr/lib/../lib64/:/cygdrive/c/Program Files (x86)/neuromeka/NRMKPlatformPC3/Drivers/x86_64-unknown-linux-gnu/bin/../lib/gcc/x86_64-unknown-linux-gnu/6.5.0/../../../../x86_64-unknown-linux-gnu/lib/:/cygdrive/c/Program Files (x86)/neuromeka/NRMKPlatformPC3/Drivers/x86_64-unknown-linux-gnu/bin/../x86_64-unknown-linux-gnu/sysroot/lib/:/cygdrive/c/Program Files (x86)/neuromeka/NRMKPlatformPC3/Drivers/x86_64-unknown-linux-gnu/bin/../x86_64-unknown-linux-gnu/sysroot/usr/lib/]
  ignore line: [COLLECT_GCC_OPTIONS='-v' '-rdynamic' '-o' 'cmTC_ad825' '-shared-libgcc' '-mtune=generic' '-march=x86-64']
  ignore line: [ /cygdrive/c/Program Files (x86)/neuromeka/NRMKPlatformPC3/Drivers/x86_64-unknown-linux-gnu/bin/../libexec/gcc/x86_64-unknown-linux-gnu/6.5.0/collect2.exe -plugin /cygdrive/c/Program Files (x86)/neuromeka/NRMKPlatformPC3/Drivers/x86_64-unknown-linux-gnu/bin/../libexec/gcc/x86_64-unknown-linux-gnu/6.5.0/cyglto_plugin-0.dll -plugin-opt=/cygdrive/c/Program Files (x86)/neuromeka/NRMKPlatformPC3/Drivers/x86_64-unknown-linux-gnu/bin/../libexec/gcc/x86_64-unknown-linux-gnu/6.5.0/lto-wrapper.exe -plugin-opt=-fresolution=/tmp/ccS5fzYs.res -plugin-opt=-pass-through=-lgcc_s -plugin-opt=-pass-through=-lgcc -plugin-opt=-pass-through=-lc -plugin-opt=-pass-through=-lgcc_s -plugin-opt=-pass-through=-lgcc --sysroot=/cygdrive/c/Program Files (x86)/neuromeka/NRMKPlatformPC3/Drivers/x86_64-unknown-linux-gnu/bin/../x86_64-unknown-linux-gnu/sysroot --eh-frame-hdr -m elf_x86_64 -export-dynamic -dynamic-linker /lib64/ld-linux-x86-64.so.2 -o cmTC_ad825 /cygdrive/c/Program Files (x86)/neuromeka/NRMKPlatformPC3/Drivers/x86_64-unknown-linux-gnu/bin/../x86_64-unknown-linux-gnu/sysroot/usr/lib/../lib64/crt1.o /cygdrive/c/Program Files (x86)/neuromeka/NRMKPlatformPC3/Drivers/x86_64-unknown-linux-gnu/bin/../x86_64-unknown-linux-gnu/sysroot/usr/lib/../lib64/crti.o /cygdrive/c/Program Files (x86)/neuromeka/NRMKPlatformPC3/Drivers/x86_64-unknown-linux-gnu/bin/../lib/gcc/x86_64-unknown-linux-gnu/6.5.0/crtbegin.o -L/cygdrive/c/Program Files (x86)/neuromeka/NRMKPlatformPC3/Drivers/x86_64-unknown-linux-gnu/bin/../lib/gcc/x86_64-unknown-linux-gnu/6.5.0 -L/cygdrive/c/Program Files (x86)/neuromeka/NRMKPlatformPC3/Drivers/x86_64-unknown-linux-gnu/bin/../lib/gcc -L/cygdrive/c/Program Files (x86)/neuromeka/NRMKPlatformPC3/Drivers/x86_64-unknown-linux-gnu/bin/../lib/gcc/x86_64-unknown-linux-gnu/6.5.0/../../../../x86_64-unknown-linux-gnu/lib/../lib64 -L/cygdrive/c/Program Files (x86)/neuromeka/NRMKPlatformPC3/Drivers/x86_64-unknown-linux-gnu/bin/../x86_64-unknown-linux-gnu/sysroot/lib/../lib64 -L/cygdrive/c/Program Files (x86)/neuromeka/NRMKPlatformPC3/Drivers/x86_64-unknown-linux-gnu/bin/../x86_64-unknown-linux-gnu/sysroot/usr/lib/../lib64 -L/cygdrive/c/Program Files (x86)/neuromeka/NRMKPlatformPC3/Drivers/x86_64-unknown-linux-gnu/bin/../lib/gcc/x86_64-unknown-linux-gnu/6.5.0/../../../../x86_64-unknown-linux-gnu/lib -L/cygdrive/c/Program Files (x86)/neuromeka/NRMKPlatformPC3/Drivers/x86_64-unknown-linux-gnu/bin/../x86_64-unknown-linux-gnu/sysroot/lib -L/cygdrive/c/Program Files (x86)/neuromeka/NRMKPlatformPC3/Drivers/x86_64-unknown-linux-gnu/bin/../x86_64-unknown-linux-gnu/sysroot/usr/lib CMakeFiles/cmTC_ad825.dir/CMakeCXXCompilerABI.cpp.o -lstdc++ -lm -lgcc_s -lgcc -lc -lgcc_s -lgcc /cygdrive/c/Program Files (x86)/neuromeka/NRMKPlatformPC3/Drivers/x86_64-unknown-linux-gnu/bin/../lib/gcc/x86_64-unknown-linux-gnu/6.5.0/crtend.o /cygdrive/c/Program Files (x86)/neuromeka/NRMKPlatformPC3/Drivers/x86_64-unknown-linux-gnu/bin/../x86_64-unknown-linux-gnu/sysroot/usr/lib/../lib64/crtn.o]
  ignore line: [COLLECT_GCC_OPTIONS='-v' '-rdynamic' '-o' 'cmTC_ad825' '-shared-libgcc' '-mtune=generic' '-march=x86-64']
  ignore line: [make[1]: Leaving directory '/cygdrive/c/NRMK-Local-Repository/ethercat_moby_framework/src/neuromeka-clients/cmake-build-release/CMakeFiles/CMakeTmp']
  ignore line: []
  implicit libs: []
  implicit dirs: []
  implicit fwks: []




Detecting CXX [-std=c++1z] compiler features compiled with the following output:
Change Dir: /cygdrive/c/NRMK-Local-Repository/ethercat_moby_framework/src/neuromeka-clients/cmake-build-release/CMakeFiles/CMakeTmp

Run Build Command:"/usr/bin/make.exe" "cmTC_c16d2/fast"
/usr/bin/make -f CMakeFiles/cmTC_c16d2.dir/build.make CMakeFiles/cmTC_c16d2.dir/build
make[1]: Entering directory '/cygdrive/c/NRMK-Local-Repository/ethercat_moby_framework/src/neuromeka-clients/cmake-build-release/CMakeFiles/CMakeTmp'
Building CXX object CMakeFiles/cmTC_c16d2.dir/feature_tests.cxx.o
"C:/Program Files (x86)/neuromeka/NRMKPlatformPC3/Drivers/x86_64-unknown-linux-gnu/bin/x86_64-unknown-linux-gnu-g++.exe"    -std=c++1z -o CMakeFiles/cmTC_c16d2.dir/feature_tests.cxx.o -c /cygdrive/c/NRMK-Local-Repository/ethercat_moby_framework/src/neuromeka-clients/cmake-build-release/CMakeFiles/feature_tests.cxx
Linking CXX executable cmTC_c16d2
"/cygdrive/c/Program Files (x86)/neuromeka/NRMKPlatformPC2/Drivers/cygwin_cmake/bin/cmake.exe" -E cmake_link_script CMakeFiles/cmTC_c16d2.dir/link.txt --verbose=1
"C:/Program Files (x86)/neuromeka/NRMKPlatformPC3/Drivers/x86_64-unknown-linux-gnu/bin/x86_64-unknown-linux-gnu-g++.exe"       -rdynamic CMakeFiles/cmTC_c16d2.dir/feature_tests.cxx.o  -o cmTC_c16d2 
make[1]: Leaving directory '/cygdrive/c/NRMK-Local-Repository/ethercat_moby_framework/src/neuromeka-clients/cmake-build-release/CMakeFiles/CMakeTmp'


    Feature record: CXX_FEATURE:1cxx_aggregate_default_initializers
    Feature record: CXX_FEATURE:1cxx_alias_templates
    Feature record: CXX_FEATURE:1cxx_alignas
    Feature record: CXX_FEATURE:1cxx_alignof
    Feature record: CXX_FEATURE:1cxx_attributes
    Feature record: CXX_FEATURE:1cxx_attribute_deprecated
    Feature record: CXX_FEATURE:1cxx_auto_type
    Feature record: CXX_FEATURE:1cxx_binary_literals
    Feature record: CXX_FEATURE:1cxx_constexpr
    Feature record: CXX_FEATURE:1cxx_contextual_conversions
    Feature record: CXX_FEATURE:1cxx_decltype
    Feature record: CXX_FEATURE:1cxx_decltype_auto
    Feature record: CXX_FEATURE:1cxx_decltype_incomplete_return_types
    Feature record: CXX_FEATURE:1cxx_default_function_template_args
    Feature record: CXX_FEATURE:1cxx_defaulted_functions
    Feature record: CXX_FEATURE:1cxx_defaulted_move_initializers
    Feature record: CXX_FEATURE:1cxx_delegating_constructors
    Feature record: CXX_FEATURE:1cxx_deleted_functions
    Feature record: CXX_FEATURE:1cxx_digit_separators
    Feature record: CXX_FEATURE:1cxx_enum_forward_declarations
    Feature record: CXX_FEATURE:1cxx_explicit_conversions
    Feature record: CXX_FEATURE:1cxx_extended_friend_declarations
    Feature record: CXX_FEATURE:1cxx_extern_templates
    Feature record: CXX_FEATURE:1cxx_final
    Feature record: CXX_FEATURE:1cxx_func_identifier
    Feature record: CXX_FEATURE:1cxx_generalized_initializers
    Feature record: CXX_FEATURE:1cxx_generic_lambdas
    Feature record: CXX_FEATURE:1cxx_inheriting_constructors
    Feature record: CXX_FEATURE:1cxx_inline_namespaces
    Feature record: CXX_FEATURE:1cxx_lambdas
    Feature record: CXX_FEATURE:1cxx_lambda_init_captures
    Feature record: CXX_FEATURE:1cxx_local_type_template_args
    Feature record: CXX_FEATURE:1cxx_long_long_type
    Feature record: CXX_FEATURE:1cxx_noexcept
    Feature record: CXX_FEATURE:1cxx_nonstatic_member_init
    Feature record: CXX_FEATURE:1cxx_nullptr
    Feature record: CXX_FEATURE:1cxx_override
    Feature record: CXX_FEATURE:1cxx_range_for
    Feature record: CXX_FEATURE:1cxx_raw_string_literals
    Feature record: CXX_FEATURE:1cxx_reference_qualified_functions
    Feature record: CXX_FEATURE:1cxx_relaxed_constexpr
    Feature record: CXX_FEATURE:1cxx_return_type_deduction
    Feature record: CXX_FEATURE:1cxx_right_angle_brackets
    Feature record: CXX_FEATURE:1cxx_rvalue_references
    Feature record: CXX_FEATURE:1cxx_sizeof_member
    Feature record: CXX_FEATURE:1cxx_static_assert
    Feature record: CXX_FEATURE:1cxx_strong_enums
    Feature record: CXX_FEATURE:1cxx_template_template_parameters
    Feature record: CXX_FEATURE:1cxx_thread_local
    Feature record: CXX_FEATURE:1cxx_trailing_return_types
    Feature record: CXX_FEATURE:1cxx_unicode_literals
    Feature record: CXX_FEATURE:1cxx_uniform_initialization
    Feature record: CXX_FEATURE:1cxx_unrestricted_unions
    Feature record: CXX_FEATURE:1cxx_user_literals
    Feature record: CXX_FEATURE:1cxx_variable_templates
    Feature record: CXX_FEATURE:1cxx_variadic_macros
    Feature record: CXX_FEATURE:1cxx_variadic_templates


Detecting CXX [-std=c++14] compiler features compiled with the following output:
Change Dir: /cygdrive/c/NRMK-Local-Repository/ethercat_moby_framework/src/neuromeka-clients/cmake-build-release/CMakeFiles/CMakeTmp

Run Build Command:"/usr/bin/make.exe" "cmTC_2e55b/fast"
/usr/bin/make -f CMakeFiles/cmTC_2e55b.dir/build.make CMakeFiles/cmTC_2e55b.dir/build
make[1]: Entering directory '/cygdrive/c/NRMK-Local-Repository/ethercat_moby_framework/src/neuromeka-clients/cmake-build-release/CMakeFiles/CMakeTmp'
Building CXX object CMakeFiles/cmTC_2e55b.dir/feature_tests.cxx.o
"C:/Program Files (x86)/neuromeka/NRMKPlatformPC3/Drivers/x86_64-unknown-linux-gnu/bin/x86_64-unknown-linux-gnu-g++.exe"    -std=c++14 -o CMakeFiles/cmTC_2e55b.dir/feature_tests.cxx.o -c /cygdrive/c/NRMK-Local-Repository/ethercat_moby_framework/src/neuromeka-clients/cmake-build-release/CMakeFiles/feature_tests.cxx
Linking CXX executable cmTC_2e55b
"/cygdrive/c/Program Files (x86)/neuromeka/NRMKPlatformPC2/Drivers/cygwin_cmake/bin/cmake.exe" -E cmake_link_script CMakeFiles/cmTC_2e55b.dir/link.txt --verbose=1
"C:/Program Files (x86)/neuromeka/NRMKPlatformPC3/Drivers/x86_64-unknown-linux-gnu/bin/x86_64-unknown-linux-gnu-g++.exe"       -rdynamic CMakeFiles/cmTC_2e55b.dir/feature_tests.cxx.o  -o cmTC_2e55b 
make[1]: Leaving directory '/cygdrive/c/NRMK-Local-Repository/ethercat_moby_framework/src/neuromeka-clients/cmake-build-release/CMakeFiles/CMakeTmp'


    Feature record: CXX_FEATURE:1cxx_aggregate_default_initializers
    Feature record: CXX_FEATURE:1cxx_alias_templates
    Feature record: CXX_FEATURE:1cxx_alignas
    Feature record: CXX_FEATURE:1cxx_alignof
    Feature record: CXX_FEATURE:1cxx_attributes
    Feature record: CXX_FEATURE:1cxx_attribute_deprecated
    Feature record: CXX_FEATURE:1cxx_auto_type
    Feature record: CXX_FEATURE:1cxx_binary_literals
    Feature record: CXX_FEATURE:1cxx_constexpr
    Feature record: CXX_FEATURE:1cxx_contextual_conversions
    Feature record: CXX_FEATURE:1cxx_decltype
    Feature record: CXX_FEATURE:1cxx_decltype_auto
    Feature record: CXX_FEATURE:1cxx_decltype_incomplete_return_types
    Feature record: CXX_FEATURE:1cxx_default_function_template_args
    Feature record: CXX_FEATURE:1cxx_defaulted_functions
    Feature record: CXX_FEATURE:1cxx_defaulted_move_initializers
    Feature record: CXX_FEATURE:1cxx_delegating_constructors
    Feature record: CXX_FEATURE:1cxx_deleted_functions
    Feature record: CXX_FEATURE:1cxx_digit_separators
    Feature record: CXX_FEATURE:1cxx_enum_forward_declarations
    Feature record: CXX_FEATURE:1cxx_explicit_conversions
    Feature record: CXX_FEATURE:1cxx_extended_friend_declarations
    Feature record: CXX_FEATURE:1cxx_extern_templates
    Feature record: CXX_FEATURE:1cxx_final
    Feature record: CXX_FEATURE:1cxx_func_identifier
    Feature record: CXX_FEATURE:1cxx_generalized_initializers
    Feature record: CXX_FEATURE:1cxx_generic_lambdas
    Feature record: CXX_FEATURE:1cxx_inheriting_constructors
    Feature record: CXX_FEATURE:1cxx_inline_namespaces
    Feature record: CXX_FEATURE:1cxx_lambdas
    Feature record: CXX_FEATURE:1cxx_lambda_init_captures
    Feature record: CXX_FEATURE:1cxx_local_type_template_args
    Feature record: CXX_FEATURE:1cxx_long_long_type
    Feature record: CXX_FEATURE:1cxx_noexcept
    Feature record: CXX_FEATURE:1cxx_nonstatic_member_init
    Feature record: CXX_FEATURE:1cxx_nullptr
    Feature record: CXX_FEATURE:1cxx_override
    Feature record: CXX_FEATURE:1cxx_range_for
    Feature record: CXX_FEATURE:1cxx_raw_string_literals
    Feature record: CXX_FEATURE:1cxx_reference_qualified_functions
    Feature record: CXX_FEATURE:1cxx_relaxed_constexpr
    Feature record: CXX_FEATURE:1cxx_return_type_deduction
    Feature record: CXX_FEATURE:1cxx_right_angle_brackets
    Feature record: CXX_FEATURE:1cxx_rvalue_references
    Feature record: CXX_FEATURE:1cxx_sizeof_member
    Feature record: CXX_FEATURE:1cxx_static_assert
    Feature record: CXX_FEATURE:1cxx_strong_enums
    Feature record: CXX_FEATURE:1cxx_template_template_parameters
    Feature record: CXX_FEATURE:1cxx_thread_local
    Feature record: CXX_FEATURE:1cxx_trailing_return_types
    Feature record: CXX_FEATURE:1cxx_unicode_literals
    Feature record: CXX_FEATURE:1cxx_uniform_initialization
    Feature record: CXX_FEATURE:1cxx_unrestricted_unions
    Feature record: CXX_FEATURE:1cxx_user_literals
    Feature record: CXX_FEATURE:1cxx_variable_templates
    Feature record: CXX_FEATURE:1cxx_variadic_macros
    Feature record: CXX_FEATURE:1cxx_variadic_templates


Detecting CXX [-std=c++11] compiler features compiled with the following output:
Change Dir: /cygdrive/c/NRMK-Local-Repository/ethercat_moby_framework/src/neuromeka-clients/cmake-build-release/CMakeFiles/CMakeTmp

Run Build Command:"/usr/bin/make.exe" "cmTC_72fb1/fast"
/usr/bin/make -f CMakeFiles/cmTC_72fb1.dir/build.make CMakeFiles/cmTC_72fb1.dir/build
make[1]: Entering directory '/cygdrive/c/NRMK-Local-Repository/ethercat_moby_framework/src/neuromeka-clients/cmake-build-release/CMakeFiles/CMakeTmp'
Building CXX object CMakeFiles/cmTC_72fb1.dir/feature_tests.cxx.o
"C:/Program Files (x86)/neuromeka/NRMKPlatformPC3/Drivers/x86_64-unknown-linux-gnu/bin/x86_64-unknown-linux-gnu-g++.exe"    -std=c++11 -o CMakeFiles/cmTC_72fb1.dir/feature_tests.cxx.o -c /cygdrive/c/NRMK-Local-Repository/ethercat_moby_framework/src/neuromeka-clients/cmake-build-release/CMakeFiles/feature_tests.cxx
Linking CXX executable cmTC_72fb1
"/cygdrive/c/Program Files (x86)/neuromeka/NRMKPlatformPC2/Drivers/cygwin_cmake/bin/cmake.exe" -E cmake_link_script CMakeFiles/cmTC_72fb1.dir/link.txt --verbose=1
"C:/Program Files (x86)/neuromeka/NRMKPlatformPC3/Drivers/x86_64-unknown-linux-gnu/bin/x86_64-unknown-linux-gnu-g++.exe"       -rdynamic CMakeFiles/cmTC_72fb1.dir/feature_tests.cxx.o  -o cmTC_72fb1 
make[1]: Leaving directory '/cygdrive/c/NRMK-Local-Repository/ethercat_moby_framework/src/neuromeka-clients/cmake-build-release/CMakeFiles/CMakeTmp'


    Feature record: CXX_FEATURE:0cxx_aggregate_default_initializers
    Feature record: CXX_FEATURE:1cxx_alias_templates
    Feature record: CXX_FEATURE:1cxx_alignas
    Feature record: CXX_FEATURE:1cxx_alignof
    Feature record: CXX_FEATURE:1cxx_attributes
    Feature record: CXX_FEATURE:0cxx_attribute_deprecated
    Feature record: CXX_FEATURE:1cxx_auto_type
    Feature record: CXX_FEATURE:0cxx_binary_literals
    Feature record: CXX_FEATURE:1cxx_constexpr
    Feature record: CXX_FEATURE:0cxx_contextual_conversions
    Feature record: CXX_FEATURE:1cxx_decltype
    Feature record: CXX_FEATURE:0cxx_decltype_auto
    Feature record: CXX_FEATURE:1cxx_decltype_incomplete_return_types
    Feature record: CXX_FEATURE:1cxx_default_function_template_args
    Feature record: CXX_FEATURE:1cxx_defaulted_functions
    Feature record: CXX_FEATURE:1cxx_defaulted_move_initializers
    Feature record: CXX_FEATURE:1cxx_delegating_constructors
    Feature record: CXX_FEATURE:1cxx_deleted_functions
    Feature record: CXX_FEATURE:0cxx_digit_separators
    Feature record: CXX_FEATURE:1cxx_enum_forward_declarations
    Feature record: CXX_FEATURE:1cxx_explicit_conversions
    Feature record: CXX_FEATURE:1cxx_extended_friend_declarations
    Feature record: CXX_FEATURE:1cxx_extern_templates
    Feature record: CXX_FEATURE:1cxx_final
    Feature record: CXX_FEATURE:1cxx_func_identifier
    Feature record: CXX_FEATURE:1cxx_generalized_initializers
    Feature record: CXX_FEATURE:0cxx_generic_lambdas
    Feature record: CXX_FEATURE:1cxx_inheriting_constructors
    Feature record: CXX_FEATURE:1cxx_inline_namespaces
    Feature record: CXX_FEATURE:1cxx_lambdas
    Feature record: CXX_FEATURE:0cxx_lambda_init_captures
    Feature record: CXX_FEATURE:1cxx_local_type_template_args
    Feature record: CXX_FEATURE:1cxx_long_long_type
    Feature record: CXX_FEATURE:1cxx_noexcept
    Feature record: CXX_FEATURE:1cxx_nonstatic_member_init
    Feature record: CXX_FEATURE:1cxx_nullptr
    Feature record: CXX_FEATURE:1cxx_override
    Feature record: CXX_FEATURE:1cxx_range_for
    Feature record: CXX_FEATURE:1cxx_raw_string_literals
    Feature record: CXX_FEATURE:1cxx_reference_qualified_functions
    Feature record: CXX_FEATURE:0cxx_relaxed_constexpr
    Feature record: CXX_FEATURE:0cxx_return_type_deduction
    Feature record: CXX_FEATURE:1cxx_right_angle_brackets
    Feature record: CXX_FEATURE:1cxx_rvalue_references
    Feature record: CXX_FEATURE:1cxx_sizeof_member
    Feature record: CXX_FEATURE:1cxx_static_assert
    Feature record: CXX_FEATURE:1cxx_strong_enums
    Feature record: CXX_FEATURE:1cxx_template_template_parameters
    Feature record: CXX_FEATURE:1cxx_thread_local
    Feature record: CXX_FEATURE:1cxx_trailing_return_types
    Feature record: CXX_FEATURE:1cxx_unicode_literals
    Feature record: CXX_FEATURE:1cxx_uniform_initialization
    Feature record: CXX_FEATURE:1cxx_unrestricted_unions
    Feature record: CXX_FEATURE:1cxx_user_literals
    Feature record: CXX_FEATURE:0cxx_variable_templates
    Feature record: CXX_FEATURE:1cxx_variadic_macros
    Feature record: CXX_FEATURE:1cxx_variadic_templates


Detecting CXX [-std=c++98] compiler features compiled with the following output:
Change Dir: /cygdrive/c/NRMK-Local-Repository/ethercat_moby_framework/src/neuromeka-clients/cmake-build-release/CMakeFiles/CMakeTmp

Run Build Command:"/usr/bin/make.exe" "cmTC_f836e/fast"
/usr/bin/make -f CMakeFiles/cmTC_f836e.dir/build.make CMakeFiles/cmTC_f836e.dir/build
make[1]: Entering directory '/cygdrive/c/NRMK-Local-Repository/ethercat_moby_framework/src/neuromeka-clients/cmake-build-release/CMakeFiles/CMakeTmp'
Building CXX object CMakeFiles/cmTC_f836e.dir/feature_tests.cxx.o
"C:/Program Files (x86)/neuromeka/NRMKPlatformPC3/Drivers/x86_64-unknown-linux-gnu/bin/x86_64-unknown-linux-gnu-g++.exe"    -std=c++98 -o CMakeFiles/cmTC_f836e.dir/feature_tests.cxx.o -c /cygdrive/c/NRMK-Local-Repository/ethercat_moby_framework/src/neuromeka-clients/cmake-build-release/CMakeFiles/feature_tests.cxx
Linking CXX executable cmTC_f836e
"/cygdrive/c/Program Files (x86)/neuromeka/NRMKPlatformPC2/Drivers/cygwin_cmake/bin/cmake.exe" -E cmake_link_script CMakeFiles/cmTC_f836e.dir/link.txt --verbose=1
"C:/Program Files (x86)/neuromeka/NRMKPlatformPC3/Drivers/x86_64-unknown-linux-gnu/bin/x86_64-unknown-linux-gnu-g++.exe"       -rdynamic CMakeFiles/cmTC_f836e.dir/feature_tests.cxx.o  -o cmTC_f836e 
make[1]: Leaving directory '/cygdrive/c/NRMK-Local-Repository/ethercat_moby_framework/src/neuromeka-clients/cmake-build-release/CMakeFiles/CMakeTmp'


    Feature record: CXX_FEATURE:0cxx_aggregate_default_initializers
    Feature record: CXX_FEATURE:0cxx_alias_templates
    Feature record: CXX_FEATURE:0cxx_alignas
    Feature record: CXX_FEATURE:0cxx_alignof
    Feature record: CXX_FEATURE:0cxx_attributes
    Feature record: CXX_FEATURE:0cxx_attribute_deprecated
    Feature record: CXX_FEATURE:0cxx_auto_type
    Feature record: CXX_FEATURE:0cxx_binary_literals
    Feature record: CXX_FEATURE:0cxx_constexpr
    Feature record: CXX_FEATURE:0cxx_contextual_conversions
    Feature record: CXX_FEATURE:0cxx_decltype
    Feature record: CXX_FEATURE:0cxx_decltype_auto
    Feature record: CXX_FEATURE:0cxx_decltype_incomplete_return_types
    Feature record: CXX_FEATURE:0cxx_default_function_template_args
    Feature record: CXX_FEATURE:0cxx_defaulted_functions
    Feature record: CXX_FEATURE:0cxx_defaulted_move_initializers
    Feature record: CXX_FEATURE:0cxx_delegating_constructors
    Feature record: CXX_FEATURE:0cxx_deleted_functions
    Feature record: CXX_FEATURE:0cxx_digit_separators
    Feature record: CXX_FEATURE:0cxx_enum_forward_declarations
    Feature record: CXX_FEATURE:0cxx_explicit_conversions
    Feature record: CXX_FEATURE:0cxx_extended_friend_declarations
    Feature record: CXX_FEATURE:0cxx_extern_templates
    Feature record: CXX_FEATURE:0cxx_final
    Feature record: CXX_FEATURE:0cxx_func_identifier
    Feature record: CXX_FEATURE:0cxx_generalized_initializers
    Feature record: CXX_FEATURE:0cxx_generic_lambdas
    Feature record: CXX_FEATURE:0cxx_inheriting_constructors
    Feature record: CXX_FEATURE:0cxx_inline_namespaces
    Feature record: CXX_FEATURE:0cxx_lambdas
    Feature record: CXX_FEATURE:0cxx_lambda_init_captures
    Feature record: CXX_FEATURE:0cxx_local_type_template_args
    Feature record: CXX_FEATURE:0cxx_long_long_type
    Feature record: CXX_FEATURE:0cxx_noexcept
    Feature record: CXX_FEATURE:0cxx_nonstatic_member_init
    Feature record: CXX_FEATURE:0cxx_nullptr
    Feature record: CXX_FEATURE:0cxx_override
    Feature record: CXX_FEATURE:0cxx_range_for
    Feature record: CXX_FEATURE:0cxx_raw_string_literals
    Feature record: CXX_FEATURE:0cxx_reference_qualified_functions
    Feature record: CXX_FEATURE:0cxx_relaxed_constexpr
    Feature record: CXX_FEATURE:0cxx_return_type_deduction
    Feature record: CXX_FEATURE:0cxx_right_angle_brackets
    Feature record: CXX_FEATURE:0cxx_rvalue_references
    Feature record: CXX_FEATURE:0cxx_sizeof_member
    Feature record: CXX_FEATURE:0cxx_static_assert
    Feature record: CXX_FEATURE:0cxx_strong_enums
    Feature record: CXX_FEATURE:1cxx_template_template_parameters
    Feature record: CXX_FEATURE:0cxx_thread_local
    Feature record: CXX_FEATURE:0cxx_trailing_return_types
    Feature record: CXX_FEATURE:0cxx_unicode_literals
    Feature record: CXX_FEATURE:0cxx_uniform_initialization
    Feature record: CXX_FEATURE:0cxx_unrestricted_unions
    Feature record: CXX_FEATURE:0cxx_user_literals
    Feature record: CXX_FEATURE:0cxx_variable_templates
    Feature record: CXX_FEATURE:0cxx_variadic_macros
    Feature record: CXX_FEATURE:0cxx_variadic_templates
